<?xml version="1.0" encoding="UTF-8"?>
<!-- Generated by org.testng.reporters.JUnitXMLReporter -->
<testsuite hostname="ZSRIL-3NT30J3" ignored="0" name="my hub spot test chrome" tests="8" failures="2" timestamp="2022-10-10T15:31:17 IST" time="213.586" errors="0">
  <testcase name="validateUnregisteredEmailAddress" time="2.176" classname="com.MyTests.TestClass"/>
  <testcase name="validateCartQty" time="23.926" classname="com.MyTests.TestClass"/>
  <testcase name="validateCartItemPrice" time="25.333" classname="com.MyTests.TestClass">
    <failure type="java.lang.AssertionError" message="expected [444
97] but found [444.97]">
      <![CDATA[java.lang.AssertionError: expected [444
97] but found [444.97]
at com.MyTests.TestClass.validateCartItemPrice(TestClass.java:55)
at java.util.ArrayList.forEach(ArrayList.java:1257)
... Removed 33 stack frames]]>
    </failure>
  </testcase> <!-- validateCartItemPrice -->
  <testcase name="validateCartSubTotal" time="27.381" classname="com.MyTests.TestClass"/>
  <testcase name="validateCartProductName" time="35.54" classname="com.MyTests.TestClass">
    <failure type="java.lang.NullPointerException">
      <![CDATA[java.lang.NullPointerException
at com.mypages.ItemPage.verifyProductName(ItemPage.java:152)
at com.MyTests.TestClass.validateCartProductName(TestClass.java:81)
at java.util.ArrayList.forEach(ArrayList.java:1257)
... Removed 27 stack frames]]>
    </failure>
  </testcase> <!-- validateCartProductName -->
  <testcase name="validateYourOrders" time="3.338" classname="com.MyTests.TestClass"/>
  <testcase name="validateYourAddress" time="1.378" classname="com.MyTests.TestClass"/>
  <testcase name="validateYourLists" time="1.606" classname="com.MyTests.TestClass"/>
</testsuite> <!-- my hub spot test chrome -->
